# JRE version: OpenJDK Runtime Environment (8.0_112-b06) (build 1.8.0_112-release-b06)
# Java VM: OpenJDK 64-Bit Server VM (25.112-b06 mixed mode windows-amd64 compressed oops)
Heap:
 PSYoungGen      total 445952K, used 74720K [0x00000000e0000000, 0x0000000100000000, 0x0000000100000000)
  eden space 419840K, 15% used [0x00000000e0000000,0x00000000e3fea840,0x00000000f9a00000)
  from space 26112K, 35% used [0x00000000f9a00000,0x00000000fa30dab8,0x00000000fb380000)
  to   space 25088K, 0% used [0x00000000fe780000,0x00000000fe780000,0x0000000100000000)
 ParOldGen       total 117760K, used 65030K [0x00000000a0000000, 0x00000000a7300000, 0x00000000e0000000)
  object space 117760K, 55% used [0x00000000a0000000,0x00000000a3f81a78,0x00000000a7300000)
 Metaspace       used 76584K, capacity 80112K, committed 80216K, reserved 1118208K
  class space    used 9888K, capacity 10581K, committed 10624K, reserved 1048576K
GC Heap History (10 events):
Event: 99.914 GC heap before
{Heap before GC invocations=12 (full 3):
 PSYoungGen      total 269312K, used 23008K [0x00000000e0000000, 0x00000000f8700000, 0x0000000100000000)
  eden space 246272K, 0% used [0x00000000e0000000,0x00000000e0000000,0x00000000ef080000)
  from space 23040K, 99% used [0x00000000ef080000,0x00000000f06f8238,0x00000000f0700000)
  to   space 28672K, 0% used [0x00000000f6b00000,0x00000000f6b00000,0x00000000f8700000)
 ParOldGen       total 72704K, used 33883K [0x00000000a0000000, 0x00000000a4700000, 0x00000000e0000000)
  object space 72704K, 46% used [0x00000000a0000000,0x00000000a2116e68,0x00000000a4700000)
 Metaspace       used 56664K, capacity 59068K, committed 59096K, reserved 1099776K
  class space    used 7688K, capacity 8183K, committed 8192K, reserved 1048576K
Event: 101.623 GC heap after
Heap after GC invocations=12 (full 3):
 PSYoungGen      total 269312K, used 0K [0x00000000e0000000, 0x00000000f8700000, 0x0000000100000000)
  eden space 246272K, 0% used [0x00000000e0000000,0x00000000e0000000,0x00000000ef080000)
  from space 23040K, 0% used [0x00000000ef080000,0x00000000ef080000,0x00000000f0700000)
  to   space 28672K, 0% used [0x00000000f6b00000,0x00000000f6b00000,0x00000000f8700000)
 ParOldGen       total 117760K, used 48358K [0x00000000a0000000, 0x00000000a7300000, 0x00000000e0000000)
  object space 117760K, 41% used [0x00000000a0000000,0x00000000a2f398b0,0x00000000a7300000)
 Metaspace       used 56664K, capacity 59068K, committed 59096K, reserved 1099776K
  class space    used 7688K, capacity 8183K, committed 8192K, reserved 1048576K
}
Event: 1126.998 GC heap before
{Heap before GC invocations=13 (full 3):
 PSYoungGen      total 269312K, used 246272K [0x00000000e0000000, 0x00000000f8700000, 0x0000000100000000)
  eden space 246272K, 100% used [0x00000000e0000000,0x00000000ef080000,0x00000000ef080000)
  from space 23040K, 0% used [0x00000000ef080000,0x00000000ef080000,0x00000000f0700000)
  to   space 28672K, 0% used [0x00000000f6b00000,0x00000000f6b00000,0x00000000f8700000)
 ParOldGen       total 117760K, used 48358K [0x00000000a0000000, 0x00000000a7300000, 0x00000000e0000000)
  object space 117760K, 41% used [0x00000000a0000000,0x00000000a2f398b0,0x00000000a7300000)
 Metaspace       used 64085K, capacity 67020K, committed 67288K, reserved 1107968K
  class space    used 8511K, capacity 9147K, committed 9216K, reserved 1048576K
Event: 1127.051 GC heap after
Heap after GC invocations=13 (full 3):
 PSYoungGen      total 343040K, used 14812K [0x00000000e0000000, 0x00000000f7980000, 0x0000000100000000)
  eden space 328192K, 0% used [0x00000000e0000000,0x00000000e0000000,0x00000000f4080000)
  from space 14848K, 99% used [0x00000000f6b00000,0x00000000f7977200,0x00000000f7980000)
  to   space 28160K, 0% used [0x00000000f4280000,0x00000000f4280000,0x00000000f5e00000)
 ParOldGen       total 117760K, used 48366K [0x00000000a0000000, 0x00000000a7300000, 0x00000000e0000000)
  object space 117760K, 41% used [0x00000000a0000000,0x00000000a2f3b8b0,0x00000000a7300000)
 Metaspace       used 64085K, capacity 67020K, committed 67288K, reserved 1107968K
  class space    used 8511K, capacity 9147K, committed 9216K, reserved 1048576K
}
Event: 1153.056 GC heap before
{Heap before GC invocations=14 (full 3):
 PSYoungGen      total 343040K, used 342631K [0x00000000e0000000, 0x00000000f7980000, 0x0000000100000000)
  eden space 328192K, 99% used [0x00000000e0000000,0x00000000f4022c68,0x00000000f4080000)
  from space 14848K, 99% used [0x00000000f6b00000,0x00000000f7977200,0x00000000f7980000)
  to   space 28160K, 0% used [0x00000000f4280000,0x00000000f4280000,0x00000000f5e00000)
 ParOldGen       total 117760K, used 48366K [0x00000000a0000000, 0x00000000a7300000, 0x00000000e0000000)
  object space 117760K, 41% used [0x00000000a0000000,0x00000000a2f3b8b0,0x00000000a7300000)
 Metaspace       used 71181K, capacity 74456K, committed 74584K, reserved 1114112K
  class space    used 9379K, capacity 10027K, committed 10112K, reserved 1048576K
Event: 1153.123 GC heap after
Heap after GC invocations=14 (full 3):
 PSYoungGen      total 358400K, used 8869K [0x00000000e0000000, 0x00000000fd400000, 0x0000000100000000)
  eden space 330240K, 0% used [0x00000000e0000000,0x00000000e0000000,0x00000000f4280000)
  from space 28160K, 31% used [0x00000000f4280000,0x00000000f4b29518,0x00000000f5e00000)
  to   space 27136K, 0% used [0x00000000fb980000,0x00000000fb980000,0x00000000fd400000)
 ParOldGen       total 117760K, used 58882K [0x00000000a0000000, 0x00000000a7300000, 0x00000000e0000000)
  object space 117760K, 50% used [0x00000000a0000000,0x00000000a3980bd0,0x00000000a7300000)
 Metaspace       used 71181K, capacity 74456K, committed 74584K, reserved 1114112K
  class space    used 9379K, capacity 10027K, committed 10112K, reserved 1048576K
}
Event: 1168.919 GC heap before
{Heap before GC invocations=15 (full 3):
 PSYoungGen      total 358400K, used 338994K [0x00000000e0000000, 0x00000000fd400000, 0x0000000100000000)
  eden space 330240K, 99% used [0x00000000e0000000,0x00000000f4263688,0x00000000f4280000)
  from space 28160K, 31% used [0x00000000f4280000,0x00000000f4b29518,0x00000000f5e00000)
  to   space 27136K, 0% used [0x00000000fb980000,0x00000000fb980000,0x00000000fd400000)
 ParOldGen       total 117760K, used 58882K [0x00000000a0000000, 0x00000000a7300000, 0x00000000e0000000)
  object space 117760K, 50% used [0x00000000a0000000,0x00000000a3980bd0,0x00000000a7300000)
 Metaspace       used 75508K, capacity 78984K, committed 79320K, reserved 1118208K
  class space    used 9757K, capacity 10435K, committed 10496K, reserved 1048576K
Event: 1169.042 GC heap after
Heap after GC invocations=15 (full 3):
 PSYoungGen      total 439808K, used 12849K [0x00000000e0000000, 0x00000000fcd00000, 0x0000000100000000)
  eden space 419840K, 0% used [0x00000000e0000000,0x00000000e0000000,0x00000000f9a00000)
  from space 19968K, 64% used [0x00000000fb980000,0x00000000fc60c570,0x00000000fcd00000)
  to   space 26112K, 0% used [0x00000000f9a00000,0x00000000f9a00000,0x00000000fb380000)
 ParOldGen       total 117760K, used 65022K [0x00000000a0000000, 0x00000000a7300000, 0x00000000e0000000)
  object space 117760K, 55% used [0x00000000a0000000,0x00000000a3f7fa78,0x00000000a7300000)
 Metaspace       used 75508K, capacity 78984K, committed 79320K, reserved 1118208K
  class space    used 9757K, capacity 10435K, committed 10496K, reserved 1048576K
}
Event: 1173.539 GC heap before
{Heap before GC invocations=16 (full 3):
 PSYoungGen      total 439808K, used 432630K [0x00000000e0000000, 0x00000000fcd00000, 0x0000000100000000)
  eden space 419840K, 99% used [0x00000000e0000000,0x00000000f99f14a8,0x00000000f9a00000)
  from space 19968K, 64% used [0x00000000fb980000,0x00000000fc60c570,0x00000000fcd00000)
  to   space 26112K, 0% used [0x00000000f9a00000,0x00000000f9a00000,0x00000000fb380000)
 ParOldGen       total 117760K, used 65022K [0x00000000a0000000, 0x00000000a7300000, 0x00000000e0000000)
  object space 117760K, 55% used [0x00000000a0000000,0x00000000a3f7fa78,0x00000000a7300000)
 Metaspace       used 76352K, capacity 79844K, committed 79960K, reserved 1118208K
  class space    used 9861K, capacity 10539K, committed 10624K, reserved 1048576K
Event: 1173.578 GC heap after
Heap after GC invocations=16 (full 3):
 PSYoungGen      total 445952K, used 9270K [0x00000000e0000000, 0x0000000100000000, 0x0000000100000000)
  eden space 419840K, 0% used [0x00000000e0000000,0x00000000e0000000,0x00000000f9a00000)
  from space 26112K, 35% used [0x00000000f9a00000,0x00000000fa30dab8,0x00000000fb380000)
  to   space 25088K, 0% used [0x00000000fe780000,0x00000000fe780000,0x0000000100000000)
 ParOldGen       total 117760K, used 65030K [0x00000000a0000000, 0x00000000a7300000, 0x00000000e0000000)
  object space 117760K, 55% used [0x00000000a0000000,0x00000000a3f81a78,0x00000000a7300000)
 Metaspace       used 76352K, capacity 79844K, committed 79960K, reserved 1118208K
  class space    used 9861K, capacity 10539K, committed 10624K, reserved 1048576K
}

